INFO:__main__:Started
INFO:__main__:Finished
INFO:__main__:Configuraï¿½ï¿½o de interface concluï¿½da.
INFO:__main__:Started
INFO:__main__:Finished
INFO:__main__:Configuraï¿½ï¿½o de interface concluï¿½da.
INFO:__main__:Started
INFO:__main__:Finished
INFO:__main__:Started
INFO:__main__:Finished
INFO:__main__:Started
INFO:__main__:Finished
INFO:__main__:Started
INFO:__main__:Finished
INFO:__main__:Finished
INFO:__main__:Configuraï¿½ï¿½o de interface concluï¿½da.
INFO:__main__:Application is running
ERROR:__main__:An error occurred
INFO:__main__:Processing data
INFO:__main__:Application is running
INFO:__main__:Processing data
2026-01-20 11:46:09,673 - INFO: Started
2026-01-20 11:46:09,673 - INFO: Finished
2026-01-20 11:46:28,330 - INFO: Started
2026-01-20 11:46:28,330 - INFO: Finished
2026-01-20 11:46:49,240 - INFO: Application is running
2026-01-20 11:46:49,240 - INFO: Processing data
2026-01-20 11:49:29,551 - INFO: Configuraï¿½ï¿½o de interface concluï¿½da.
2026-01-20 11:49:33,045 - INFO: Configuraï¿½ï¿½o de interface concluï¿½da.
2026-01-26 07:41:55,825 - INFO: Started
2026-01-26 07:41:55,827 - INFO: Finished
2026-01-26 07:42:40,906 - INFO: Configuraï¿½ï¿½o de interface concluï¿½da.
2026-01-27 09:26:54,566 - INFO: Started
2026-01-27 09:26:54,566 - INFO: Finished
2026-01-27 09:26:57,183 - INFO: Application is running
2026-01-27 09:26:57,183 - INFO: Processing data
2026-01-27 09:27:40,487 - INFO: Configuraï¿½ï¿½o de interface concluï¿½da.
2026-01-27 09:28:09,221 - INFO: Iniciando aplicaï¿½ï¿½o Tkinter...
2026-01-27 09:30:46,079 - INFO: Iniciando aplicaï¿½ï¿½o Tkinter...
2026-01-27 09:32:40,919 - INFO: Iniciando aplicaï¿½ï¿½o Tkinter...
2026-01-27 09:33:59,378 - INFO: Iniciando aplicaï¿½ï¿½o Tkinter...
2026-01-27 09:34:04,212 - INFO: Iniciando aplicaï¿½ï¿½o Tkinter...
2026-01-27 09:36:02,323 - INFO: Configuraï¿½ï¿½o de interface concluï¿½da.
2026-01-27 09:38:57,831 - INFO: Started
2026-01-27 09:38:57,831 - INFO: Finished
2026-01-27 09:40:23,468 - INFO: Sistema inicializado e pronto.
2026-01-27 09:41:06,328 - INFO: Sistema inicializado e pronto.
2026-01-27 09:41:40,525 - INFO: Sistema inicializado e pronto.
2026-01-27 09:44:46,603 - INFO: Sistema inicializado e pronto.
2026-01-27 09:44:46,604 - INFO: Sistema inicializado e pronto.
2026-01-27 09:45:05,666 - INFO: Sistema inicializado e pronto.
2026-01-27 09:45:24,194 - INFO: Sistema inicializado e pronto.
2026-01-27 09:46:25,303 - INFO: Sistema inicializado e pronto.
2026-01-27 09:47:07,724 - INFO: Sistema inicializado e pronto.
2026-01-27 09:49:15,769 - INFO: Sistema inicializado e pronto.
2026-01-27 09:50:34,897 - INFO: Sistema inicializado e pronto.
2026-01-27 09:51:07,494 - INFO: Iniciando aplicaï¿½ï¿½o Tkinter...
2026-01-27 09:51:16,835 - INFO: Iniciando aplicaï¿½ï¿½o Tkinter...
2026-01-27 09:52:08,281 - INFO: Iniciando aplicaï¿½ï¿½o Tkinter...
2026-01-27 09:52:53,346 - INFO: Iniciando aplicaï¿½ï¿½o Tkinter...
2026-01-27 09:53:15,780 - INFO: Started
2026-01-27 09:53:15,781 - INFO: Finished
2026-01-27 09:53:52,332 - INFO: Started
2026-01-27 09:53:52,333 - INFO: Finished
2026-01-27 09:53:58,364 - INFO: Iniciando aplicaï¿½ï¿½o Tkinter...
2026-01-27 09:54:03,305 - INFO: Iniciando aplicaï¿½ï¿½o Tkinter...
2026-01-27 09:55:06,393 - INFO: Iniciando aplicaï¿½ï¿½o Tkinter...
2026-01-27 09:55:59,002 - INFO: Iniciando aplicaï¿½ï¿½o Tkinter...
2026-01-27 09:59:13,457 - INFO: Started
2026-01-27 09:59:13,457 - INFO: Iniciando aplicaï¿½ï¿½o Tkinter...
2026-01-27 09:59:34,093 - INFO: Finished
2026-01-27 10:02:28,553 - INFO: Started
2026-01-27 10:02:28,553 - INFO: Iniciando aplicaï¿½ï¿½o Tkinter...
2026-01-27 10:02:31,927 - INFO: Finished
2026-01-27 10:18:39,927 - INFO: Started
2026-01-27 10:18:41,995 - INFO: Finished
2026-01-27 10:18:44,219 - INFO: Started
2026-01-27 10:19:04,901 - INFO: Finished
2026-01-27 10:27:03,057 - INFO: Started
2026-01-27 10:27:13,492 - INFO: Finished
2026-01-27 11:21:11,369 - INFO: Started
2026-01-27 11:31:02,620 - INFO: Finished
2026-01-30 15:06:47,623 - INFO: Started
2026-01-30 15:07:00,088 - INFO: Iniciando aplicaï¿½ï¿½o Tkinter...
2026-01-30 16:18:20,731 - INFO: Iniciando aplicaï¿½ï¿½o Tkinter...
2026-01-30 16:19:08,182 - INFO: Iniciando aplicaï¿½ï¿½o Tkinter...
2026-01-30 16:19:52,417 - INFO: Iniciando aplicaï¿½ï¿½o Tkinter...
2026-01-30 16:21:47,008 - INFO: Iniciando aplicaï¿½ï¿½o Tkinter...
2026-01-30 16:22:48,848 - INFO: Iniciando aplicaï¿½ï¿½o Tkinter...
2026-01-30 16:23:23,551 - INFO: Iniciando aplicaï¿½ï¿½o Tkinter...
2026-01-30 16:26:22,248 - INFO: Iniciando aplicaï¿½ï¿½o Tkinter...
2026-01-30 16:27:15,107 - INFO: Iniciando aplicaï¿½ï¿½o Tkinter...
2026-01-30 16:29:17,837 - INFO: Iniciando aplicaï¿½ï¿½o Tkinter...
2026-01-30 16:30:35,169 - INFO: Iniciando aplicaï¿½ï¿½o Tkinter...
2026-01-30 16:31:11,180 - INFO: Iniciando aplicaï¿½ï¿½o Tkinter...
2026-01-30 16:34:00,395 - INFO: Iniciando aplicaï¿½ï¿½o Tkinter...
2026-01-30 16:34:58,478 - INFO: Started
2026-01-30 16:35:13,952 - INFO: Finished
2026-01-30 16:35:34,249 - INFO: Started
2026-01-30 16:35:43,992 - INFO: Finished
2026-01-30 16:36:24,498 - INFO: Started
2026-01-30 16:36:45,790 - INFO: Finished
2026-01-30 16:36:51,799 - INFO: Started
2026-01-30 16:37:00,596 - INFO: Finished
2026-01-30 16:37:14,113 - INFO: Started
2026-01-30 16:37:31,511 - INFO: Finished
2026-01-30 16:43:12,605 - INFO: Started
2026-01-30 16:43:14,125 - INFO: Finished
2026-01-30 16:43:17,071 - INFO: Started
2026-01-30 16:43:31,568 - INFO: Finished
2026-01-30 16:43:33,017 - INFO: Started
2026-01-30 16:43:39,130 - INFO: Finished
2026-01-30 16:43:55,527 - INFO: Started
2026-01-30 16:44:49,360 - INFO: Finished
2026-01-30 16:44:50,360 - INFO: Started
2026-01-30 16:45:19,434 - INFO: Finished
2026-01-30 16:45:20,448 - INFO: Started
2026-01-30 16:45:21,887 - INFO: Finished
2026-01-30 16:46:38,151 - INFO: Started
2026-01-30 16:46:59,107 - INFO: Finished
2026-01-30 16:47:13,712 - INFO: Started
2026-01-30 16:47:15,673 - INFO: Finished
2026-01-30 16:47:24,054 - INFO: Started
2026-01-30 16:47:34,607 - INFO: Finished
2026-01-30 16:47:42,832 - INFO: Started
2026-01-30 16:48:25,118 - INFO: Finished
2026-01-30 16:50:31,401 - INFO: Started
2026-01-30 16:50:39,295 - INFO: Finished
2026-01-30 17:01:48,088 - INFO: Started
2026-01-30 17:01:50,336 - INFO: Finished
2026-01-30 17:02:39,001 - INFO: Started
2026-01-30 17:02:47,437 - INFO: Cï¿½lculo iniciado pelo usuï¿½rio
2026-01-30 17:03:11,287 - INFO: Cï¿½lculo iniciado pelo usuï¿½rio
2026-01-30 17:03:30,517 - INFO: Finished
2026-01-30 17:03:58,636 - INFO: Started
2026-01-30 17:04:10,912 - INFO: Cï¿½lculo iniciado pelo usuï¿½rio
2026-01-30 17:04:13,926 - INFO: Finished
2026-01-30 17:07:07,721 - INFO: Started
2026-01-30 17:07:38,606 - INFO: Finished
2026-01-30 17:08:20,007 - INFO: Started
2026-01-30 17:08:22,068 - INFO: Finished
2026-01-30 17:08:40,556 - INFO: Started
2026-01-30 17:08:43,421 - INFO: Finished
2026-01-30 17:13:26,325 - INFO: Started
2026-01-30 17:13:43,148 - INFO: Cï¿½lculo iniciado pelo usuï¿½rio
2026-01-30 17:13:43,157 - INFO: DataFrames mesclados para construï¿½ï¿½o do grafo
2026-01-30 17:15:55,651 - INFO: Finished
2026-01-30 17:16:03,000 - INFO: Started
2026-01-30 17:16:16,037 - INFO: Cï¿½lculo iniciado pelo usuï¿½rio
2026-01-30 17:16:16,043 - INFO: DataFrames mesclados para construï¿½ï¿½o do grafo
2026-01-30 17:16:39,214 - INFO: Finished
2026-01-30 17:17:43,091 - INFO: Started
2026-01-30 17:18:02,425 - INFO: Cï¿½lculo iniciado pelo usuï¿½rio
2026-01-30 17:18:02,430 - INFO: DataFrames mesclados para construï¿½ï¿½o do grafo
2026-01-30 17:18:11,687 - INFO: Finished
2026-01-30 17:18:33,637 - INFO: Started
2026-01-30 17:19:10,215 - INFO: Finished
2026-01-30 17:19:35,806 - INFO: Started
2026-01-30 17:23:44,828 - INFO: Finished
2026-01-30 17:23:54,443 - INFO: Started
2026-01-30 17:26:34,287 - INFO: Started
2026-01-30 17:26:54,423 - INFO: Cï¿½lculo iniciado pelo usuï¿½rio
2026-01-30 17:26:54,432 - INFO: DataFrames mesclados para construï¿½ï¿½o do grafo
2026-01-30 17:27:53,737 - INFO: Cï¿½lculo iniciado pelo usuï¿½rio
2026-01-30 17:27:53,742 - INFO: DataFrames mesclados para construï¿½ï¿½o do grafo
2026-01-30 17:28:00,563 - INFO: Cï¿½lculo iniciado pelo usuï¿½rio
2026-01-30 17:28:00,566 - INFO: DataFrames mesclados para construï¿½ï¿½o do grafo
2026-01-30 17:28:20,349 - INFO: Finished
2026-01-30 17:28:35,056 - INFO: Started
2026-01-30 17:28:55,651 - INFO: Cï¿½lculo iniciado pelo usuï¿½rio
2026-01-30 17:28:55,657 - INFO: DataFrames mesclados para construï¿½ï¿½o do grafo
2026-01-30 17:29:35,755 - INFO: Cï¿½lculo iniciado pelo usuï¿½rio
2026-01-30 17:29:35,759 - INFO: DataFrames mesclados para construï¿½ï¿½o do grafo
2026-01-30 17:29:54,375 - INFO: Cï¿½lculo iniciado pelo usuï¿½rio
2026-01-30 17:29:54,382 - INFO: DataFrames mesclados para construï¿½ï¿½o do grafo
2026-01-30 17:30:32,554 - INFO: Started
2026-01-30 17:30:45,709 - INFO: Cï¿½lculo iniciado pelo usuï¿½rio
2026-01-30 17:30:45,718 - INFO: DataFrames mesclados para construï¿½ï¿½o do grafo
2026-01-30 18:18:08,820 - INFO: Finished
2026-01-30 19:29:05,615 - INFO: Started
2026-01-30 19:29:08,907 - INFO: Cï¿½lculo iniciado pelo usuï¿½rio
2026-01-30 19:29:17,259 - INFO: Finished
2026-02-02 14:40:35,971 - INFO: Started
2026-02-02 14:40:39,239 - INFO: Cï¿½lculo iniciado pelo usuï¿½rio
2026-02-02 14:40:56,479 - INFO: Cï¿½lculo iniciado pelo usuï¿½rio
2026-02-02 14:40:56,498 - INFO: DataFrames mesclados para construï¿½ï¿½o do grafo
2026-02-02 14:41:10,334 - INFO: Cï¿½lculo iniciado pelo usuï¿½rio
2026-02-02 14:41:10,344 - INFO: DataFrames mesclados para construï¿½ï¿½o do grafo
2026-02-02 14:41:20,734 - INFO: Cï¿½lculo iniciado pelo usuï¿½rio
2026-02-02 14:41:20,745 - INFO: DataFrames mesclados para construï¿½ï¿½o do grafo
2026-02-02 14:41:35,448 - INFO: Cï¿½lculo iniciado pelo usuï¿½rio
2026-02-02 14:41:35,457 - INFO: DataFrames mesclados para construï¿½ï¿½o do grafo
2026-02-02 14:41:36,326 - INFO: Cï¿½lculo iniciado pelo usuï¿½rio
2026-02-02 14:41:36,334 - INFO: DataFrames mesclados para construï¿½ï¿½o do grafo
2026-02-02 14:41:37,113 - INFO: Cï¿½lculo iniciado pelo usuï¿½rio
2026-02-02 14:41:37,122 - INFO: DataFrames mesclados para construï¿½ï¿½o do grafo
2026-02-02 14:41:37,570 - INFO: Cï¿½lculo iniciado pelo usuï¿½rio
2026-02-02 14:41:37,579 - INFO: DataFrames mesclados para construï¿½ï¿½o do grafo
2026-02-02 14:41:37,930 - INFO: Cï¿½lculo iniciado pelo usuï¿½rio
2026-02-02 14:41:37,939 - INFO: DataFrames mesclados para construï¿½ï¿½o do grafo
2026-02-02 14:41:38,270 - INFO: Cï¿½lculo iniciado pelo usuï¿½rio
2026-02-02 14:41:38,278 - INFO: DataFrames mesclados para construï¿½ï¿½o do grafo
2026-02-02 14:41:40,752 - INFO: Cï¿½lculo iniciado pelo usuï¿½rio
2026-02-02 14:41:40,762 - INFO: DataFrames mesclados para construï¿½ï¿½o do grafo
2026-02-02 14:41:41,473 - INFO: Cï¿½lculo iniciado pelo usuï¿½rio
2026-02-02 14:41:41,484 - INFO: DataFrames mesclados para construï¿½ï¿½o do grafo
2026-02-02 14:41:41,927 - INFO: Cï¿½lculo iniciado pelo usuï¿½rio
2026-02-02 14:41:41,938 - INFO: DataFrames mesclados para construï¿½ï¿½o do grafo
2026-02-02 14:41:42,199 - INFO: Cï¿½lculo iniciado pelo usuï¿½rio
2026-02-02 14:41:42,209 - INFO: DataFrames mesclados para construï¿½ï¿½o do grafo
2026-02-02 14:41:45,570 - INFO: Finished
2026-02-02 14:44:59,902 - INFO: Started
2026-02-02 14:49:01,011 - INFO: Finished
2026-02-02 14:49:05,203 - INFO: Started
2026-02-02 14:49:12,664 - INFO: Finished
2026-02-02 14:52:30,611 - INFO: Started
2026-02-02 14:52:46,392 - INFO: Finished
2026-02-02 14:53:09,895 - INFO: Started
2026-02-02 14:54:20,300 - INFO: Finished
2026-02-02 14:54:23,380 - INFO: Started
2026-02-02 14:54:30,737 - INFO: Finished
2026-02-02 15:07:30,225 - INFO: Started
2026-02-02 15:07:39,870 - INFO: Finished
2026-02-02 15:09:08,761 - INFO: Started
2026-02-02 15:09:47,169 - INFO: Cï¿½lculo iniciado pelo usuï¿½rio
2026-02-02 15:09:47,176 - INFO: DataFrames mesclados para construï¿½ï¿½o do grafo
2026-02-02 15:12:05,398 - INFO: Finished
2026-02-02 15:12:09,979 - INFO: Started
2026-02-02 15:12:37,503 - INFO: Cï¿½lculo iniciado pelo usuï¿½rio
2026-02-02 15:12:37,510 - INFO: DataFrames mesclados para construï¿½ï¿½o do grafo
2026-02-02 15:12:46,143 - INFO: Cï¿½lculo iniciado pelo usuï¿½rio
2026-02-02 15:12:46,148 - INFO: DataFrames mesclados para construï¿½ï¿½o do grafo
2026-02-02 15:14:12,022 - INFO: Finished
2026-02-02 15:14:49,475 - INFO: Started
2026-02-02 15:15:35,245 - INFO: Cï¿½lculo iniciado pelo usuï¿½rio
2026-02-02 15:15:35,252 - INFO: DataFrames mesclados para construï¿½ï¿½o do grafo
2026-02-02 15:15:46,260 - INFO: Cï¿½lculo iniciado pelo usuï¿½rio
2026-02-02 15:15:46,265 - INFO: DataFrames mesclados para construï¿½ï¿½o do grafo
2026-02-02 15:17:25,595 - INFO: Finished
2026-02-02 17:27:08,777 - INFO: Started
2026-02-02 17:27:47,359 - INFO: Cï¿½lculo iniciado pelo usuï¿½rio
2026-02-02 17:27:47,367 - INFO: DataFrames mesclados para construï¿½ï¿½o do grafo
2026-02-02 17:29:19,946 - INFO: Cï¿½lculo iniciado pelo usuï¿½rio
2026-02-02 17:29:19,951 - INFO: DataFrames mesclados para construï¿½ï¿½o do grafo
2026-02-02 17:31:36,948 - INFO: Finished
2026-02-02 17:36:51,965 - INFO: Started
2026-02-02 17:38:09,161 - INFO: Finished
2026-02-02 17:38:12,593 - INFO: Started
2026-02-02 17:41:42,434 - INFO: Started
2026-02-02 17:44:41,867 - INFO: Finished
2026-02-02 18:01:20,412 - INFO: Started
2026-02-02 18:02:18,824 - INFO: Cï¿½lculo iniciado pelo usuï¿½rio
2026-02-02 18:02:18,832 - INFO: DataFrames mesclados para construï¿½ï¿½o do grafo
2026-02-02 18:02:18,853 - INFO: None
2026-02-02 18:10:44,784 - INFO: Finished
2026-02-02 18:10:48,257 - INFO: Started
2026-02-02 18:11:23,915 - INFO: Cï¿½lculo iniciado pelo usuï¿½rio
2026-02-02 18:11:23,922 - INFO: DataFrames mesclados para construï¿½ï¿½o do grafo
2026-02-02 18:11:23,943 - INFO: None
2026-02-02 18:12:26,576 - INFO: Started
2026-02-02 18:12:57,796 - INFO: Cï¿½lculo iniciado pelo usuï¿½rio
2026-02-02 18:12:57,804 - INFO: DataFrames mesclados para construï¿½ï¿½o do grafo
2026-02-02 18:12:57,825 - INFO: None
2026-02-02 18:12:57,829 - INFO: Iniciando cï¿½lculo de sedimentos
2026-02-02 18:12:57,834 - INFO: Finalizando cï¿½lculo de sedimentos
2026-02-02 18:13:44,586 - INFO: Cï¿½lculo iniciado pelo usuï¿½rio
2026-02-02 18:13:44,591 - INFO: DataFrames mesclados para construï¿½ï¿½o do grafo
2026-02-02 18:13:44,609 - INFO: None
2026-02-02 18:13:44,615 - INFO: Iniciando cï¿½lculo de sedimentos
2026-02-02 18:13:44,620 - INFO: Finalizando cï¿½lculo de sedimentos
2026-02-02 18:14:11,023 - INFO: Cï¿½lculo iniciado pelo usuï¿½rio
2026-02-02 18:14:11,029 - INFO: DataFrames mesclados para construï¿½ï¿½o do grafo
2026-02-02 18:14:11,049 - INFO: None
2026-02-02 18:14:11,055 - INFO: Iniciando cï¿½lculo de sedimentos
2026-02-02 18:14:11,059 - INFO: Finalizando cï¿½lculo de sedimentos
2026-02-02 18:14:22,958 - INFO: Cï¿½lculo iniciado pelo usuï¿½rio
2026-02-02 18:14:22,964 - INFO: DataFrames mesclados para construï¿½ï¿½o do grafo
2026-02-02 18:14:22,983 - INFO: None
2026-02-02 18:14:22,988 - INFO: Iniciando cï¿½lculo de sedimentos
2026-02-02 18:14:22,993 - INFO: Finalizando cï¿½lculo de sedimentos
2026-02-02 18:15:14,699 - INFO: Finished
2026-02-02 18:15:36,316 - INFO: Started
2026-02-02 18:16:01,509 - INFO: Cï¿½lculo iniciado pelo usuï¿½rio
2026-02-02 18:16:01,517 - INFO: DataFrames mesclados para construï¿½ï¿½o do grafo
2026-02-02 18:16:01,538 - INFO: None
2026-02-02 18:16:01,543 - INFO: Iniciando cï¿½lculo de sedimentos
2026-02-02 18:16:01,547 - INFO: Finalizando cï¿½lculo de sedimentos
2026-02-02 18:16:10,206 - INFO: Cï¿½lculo iniciado pelo usuï¿½rio
2026-02-02 18:16:10,211 - INFO: DataFrames mesclados para construï¿½ï¿½o do grafo
2026-02-02 18:16:10,228 - INFO: None
2026-02-02 18:16:10,234 - INFO: Iniciando cï¿½lculo de sedimentos
2026-02-02 18:16:10,238 - INFO: Finalizando cï¿½lculo de sedimentos
2026-02-02 18:19:06,270 - INFO: Cï¿½lculo iniciado pelo usuï¿½rio
2026-02-02 18:19:06,277 - INFO: DataFrames mesclados para construï¿½ï¿½o do grafo
2026-02-02 18:19:06,296 - INFO: None
2026-02-02 18:19:06,302 - INFO: Iniciando cï¿½lculo de sedimentos
2026-02-02 18:19:06,306 - INFO: Finalizando cï¿½lculo de sedimentos
2026-02-02 18:19:12,620 - INFO: Cï¿½lculo iniciado pelo usuï¿½rio
2026-02-02 18:19:12,624 - INFO: DataFrames mesclados para construï¿½ï¿½o do grafo
2026-02-02 18:19:12,642 - INFO: None
2026-02-02 18:19:12,646 - INFO: Iniciando cï¿½lculo de sedimentos
2026-02-02 18:19:12,651 - INFO: Finalizando cï¿½lculo de sedimentos
2026-02-02 18:19:16,339 - INFO: Finished
2026-02-02 18:19:21,671 - INFO: Started
2026-02-02 18:20:06,843 - INFO: Cï¿½lculo iniciado pelo usuï¿½rio
2026-02-02 18:20:06,851 - INFO: DataFrames mesclados para construï¿½ï¿½o do grafo
2026-02-02 18:20:06,872 - INFO: None
2026-02-02 18:20:06,877 - INFO: Iniciando cï¿½lculo de sedimentos
2026-02-02 18:20:06,881 - INFO: Finalizando cï¿½lculo de sedimentos
2026-02-02 18:24:44,474 - INFO: Finished
2026-02-02 18:24:48,130 - INFO: Started
2026-02-02 18:25:21,994 - INFO: Cï¿½lculo iniciado pelo usuï¿½rio
2026-02-02 18:25:22,000 - INFO: DataFrames mesclados para construï¿½ï¿½o do grafo
2026-02-02 18:25:22,019 - INFO: None
2026-02-02 18:25:22,024 - INFO: Iniciando cï¿½lculo de sedimentos
2026-02-02 18:25:22,028 - INFO: Finalizando cï¿½lculo de sedimentos
2026-02-02 18:36:36,190 - INFO: Finished
2026-02-02 18:37:06,423 - INFO: Started
2026-02-02 18:37:45,629 - INFO: Cï¿½lculo iniciado pelo usuï¿½rio
2026-02-02 18:37:45,640 - INFO: DataFrames mesclados para construï¿½ï¿½o do grafo
2026-02-02 18:38:08,889 - INFO: Cï¿½lculo iniciado pelo usuï¿½rio
2026-02-02 18:38:08,897 - INFO: DataFrames mesclados para construï¿½ï¿½o do grafo
2026-02-02 18:38:20,277 - INFO: Cï¿½lculo iniciado pelo usuï¿½rio
2026-02-02 18:38:20,284 - INFO: DataFrames mesclados para construï¿½ï¿½o do grafo
2026-02-02 18:39:30,385 - INFO: Finished
2026-02-02 18:39:33,809 - INFO: Started
2026-02-02 18:39:56,528 - INFO: Cï¿½lculo iniciado pelo usuï¿½rio
2026-02-02 18:39:56,537 - INFO: DataFrames mesclados para construï¿½ï¿½o do grafo
2026-02-02 18:48:15,501 - INFO: Cï¿½lculo iniciado pelo usuï¿½rio
2026-02-02 18:48:15,508 - INFO: DataFrames mesclados para construï¿½ï¿½o do grafo
2026-02-02 18:48:25,829 - INFO: Cï¿½lculo iniciado pelo usuï¿½rio
2026-02-02 18:48:25,838 - INFO: DataFrames mesclados para construï¿½ï¿½o do grafo
2026-02-02 18:51:03,317 - INFO: Finished
2026-02-03 10:33:56,645 - INFO: Started
2026-02-03 10:38:19,161 - INFO: Finished
2026-02-03 11:55:33,442 - INFO: Started
2026-02-03 12:00:45,001 - INFO: Started
2026-02-03 12:05:32,545 - INFO: Started
2026-02-03 12:12:48,663 - INFO: Started
2026-02-03 12:15:16,729 - INFO: Started
2026-02-03 12:17:54,207 - INFO: Started
2026-02-03 12:19:41,576 - INFO: Finished
2026-02-03 12:20:02,031 - INFO: Started
2026-02-03 12:20:26,419 - INFO: Finished
2026-02-03 12:22:09,698 - INFO: Started
2026-02-03 12:22:33,180 - INFO: Cálculo iniciado pelo usuário
2026-02-03 12:22:33,207 - INFO: DataFrames mesclados para construção do grafo
2026-02-03 12:24:36,994 - INFO: Finished
2026-02-03 12:24:44,213 - INFO: Started
2026-02-03 12:25:05,839 - INFO: Cálculo iniciado pelo usuário
2026-02-03 12:25:05,856 - INFO: DataFrames mesclados para construção do grafo
2026-02-03 12:26:44,103 - INFO: Finished
2026-02-03 12:26:50,268 - INFO: Started
2026-02-03 12:29:21,354 - INFO: Started
2026-02-03 12:30:12,419 - INFO: Started
2026-02-03 12:31:47,462 - INFO: Finished
2026-02-03 12:31:51,170 - INFO: Started
2026-02-03 12:32:19,262 - INFO: Cálculo iniciado pelo usuário
2026-02-03 12:32:19,266 - INFO: DataFrames mesclados para construção do grafo
2026-02-10 08:26:58,010 - INFO: Started
2026-02-10 08:27:07,174 - INFO: Finished
2026-02-10 08:29:04,660 - INFO: Started
2026-02-10 08:29:09,513 - INFO: Finished
2026-02-10 08:31:41,300 - INFO: Started
2026-02-10 08:31:48,206 - INFO: Finished
2026-02-10 08:31:59,367 - INFO: Started
2026-02-10 08:32:01,740 - INFO: Finished
2026-02-10 08:32:05,166 - INFO: Started
2026-02-10 08:32:13,252 - INFO: Finished
2026-02-10 08:32:59,137 - INFO: Started
2026-02-10 08:33:08,392 - INFO: Finished
2026-02-10 08:34:11,621 - INFO: Started
2026-02-10 08:34:15,920 - INFO: Finished
2026-02-10 08:35:39,182 - INFO: Started
2026-02-10 08:35:49,865 - INFO: Finished
2026-02-10 08:35:54,460 - INFO: Started
2026-02-10 08:35:55,911 - INFO: Finished
2026-02-10 08:37:11,670 - INFO: Started
2026-02-10 08:37:17,848 - INFO: Cálculo iniciado pelo usuário
2026-02-10 08:37:28,158 - INFO: Finished
2026-02-10 08:37:46,217 - INFO: Started
2026-02-10 08:37:52,591 - INFO: Cálculo iniciado pelo usuário
2026-02-10 08:38:07,300 - INFO: Finished
2026-02-10 08:38:50,473 - INFO: Started
2026-02-10 08:39:09,919 - INFO: Cálculo iniciado pelo usuário
2026-02-10 08:39:09,939 - INFO: DataFrames mesclados para construção do grafo
2026-02-10 08:39:18,597 - INFO: Cálculo iniciado pelo usuário
2026-02-10 08:39:18,605 - INFO: DataFrames mesclados para construção do grafo
2026-02-10 08:39:33,679 - INFO: Finished
2026-02-10 08:50:49,069 - INFO: Started
2026-02-10 08:50:52,908 - INFO: Finished
2026-02-10 08:50:56,158 - INFO: Started
2026-02-10 08:51:01,215 - INFO: Cálculo iniciado pelo usuário
2026-02-10 08:51:13,514 - INFO: Finished
2026-02-10 08:53:49,458 - INFO: Started
2026-02-10 08:54:01,564 - INFO: Finished
2026-02-10 08:54:22,837 - INFO: Started
2026-02-10 08:54:27,745 - INFO: Finished
2026-02-10 08:57:24,552 - INFO: Started
2026-02-10 08:57:38,898 - INFO: Finished
2026-02-10 08:59:48,560 - INFO: Started
2026-02-10 09:00:05,365 - INFO: Cálculo iniciado pelo usuário
2026-02-10 09:00:05,383 - INFO: DataFrames mesclados para construção do grafo
2026-02-10 09:00:08,835 - INFO: Finished
2026-02-10 09:01:10,453 - INFO: Started
2026-02-10 09:01:15,553 - INFO: Finished
2026-02-10 09:01:55,914 - INFO: Started
2026-02-10 09:01:58,287 - INFO: Finished
2026-02-10 09:03:27,671 - INFO: Started
2026-02-10 09:04:01,585 - INFO: Started
2026-02-10 09:04:10,703 - INFO: Cálculo iniciado pelo usuário
2026-02-10 09:04:29,731 - INFO: Finished
2026-02-10 09:05:54,336 - INFO: Started
2026-02-10 09:06:20,078 - INFO: Cálculo iniciado pelo usuário
2026-02-10 09:06:20,088 - INFO: DataFrames mesclados para construção do grafo
2026-02-10 09:06:42,197 - INFO: Cálculo iniciado pelo usuário
2026-02-10 09:06:42,204 - INFO: DataFrames mesclados para construção do grafo
2026-02-10 09:07:09,055 - INFO: Cálculo iniciado pelo usuário
2026-02-10 09:07:09,064 - INFO: DataFrames mesclados para construção do grafo
2026-02-10 09:09:09,567 - INFO: Finished
2026-02-10 09:09:24,874 - INFO: Started
2026-02-10 09:09:51,152 - INFO: Cálculo iniciado pelo usuário
2026-02-10 09:09:51,162 - INFO: DataFrames mesclados para construção do grafo
2026-02-10 09:11:45,918 - INFO: Cálculo iniciado pelo usuário
2026-02-10 09:11:45,924 - INFO: DataFrames mesclados para construção do grafo
2026-02-10 09:11:45,950 - INFO: None
2026-02-10 09:11:45,956 - INFO: Iniciando cálculo de sedimentos
2026-02-10 09:11:45,958 - INFO: Finalizando cálculo de sedimentos
2026-02-10 09:12:05,904 - INFO: Cálculo iniciado pelo usuário
2026-02-10 09:12:05,910 - INFO: DataFrames mesclados para construção do grafo
2026-02-10 09:12:05,929 - INFO: None
2026-02-10 09:12:05,934 - INFO: Iniciando cálculo de sedimentos
2026-02-10 09:12:05,936 - INFO: Finalizando cálculo de sedimentos
2026-02-10 09:12:13,303 - INFO: Cálculo iniciado pelo usuário
2026-02-10 09:12:13,309 - INFO: DataFrames mesclados para construção do grafo
2026-02-10 09:12:13,328 - INFO: None
2026-02-10 09:12:13,333 - INFO: Iniciando cálculo de sedimentos
2026-02-10 09:12:13,335 - INFO: Finalizando cálculo de sedimentos
2026-02-10 09:12:24,697 - INFO: Cálculo iniciado pelo usuário
2026-02-10 09:12:24,703 - INFO: DataFrames mesclados para construção do grafo
2026-02-10 09:12:24,722 - INFO: None
2026-02-10 09:12:24,727 - INFO: Iniciando cálculo de sedimentos
2026-02-10 09:12:24,730 - INFO: Finalizando cálculo de sedimentos
2026-02-10 09:12:49,911 - INFO: Cálculo iniciado pelo usuário
2026-02-10 09:12:49,917 - INFO: DataFrames mesclados para construção do grafo
2026-02-10 09:12:49,936 - INFO: None
2026-02-10 09:12:49,941 - INFO: Iniciando cálculo de sedimentos
2026-02-10 09:12:49,943 - INFO: Finalizando cálculo de sedimentos
2026-02-10 09:13:59,717 - INFO: Finished
2026-02-10 09:14:02,672 - INFO: Started
2026-02-10 09:15:18,672 - INFO: Cálculo iniciado pelo usuário
2026-02-10 09:15:18,679 - INFO: DataFrames mesclados para construção do grafo
2026-02-10 09:15:18,700 - INFO: None
2026-02-10 09:15:18,705 - INFO: Iniciando cálculo de sedimentos
2026-02-10 09:15:18,707 - INFO: Finalizando cálculo de sedimentos
2026-02-10 09:15:35,251 - INFO: Cálculo iniciado pelo usuário
2026-02-10 09:15:35,256 - INFO: DataFrames mesclados para construção do grafo
2026-02-10 09:15:35,276 - INFO: None
2026-02-10 09:15:35,282 - INFO: Iniciando cálculo de sedimentos
2026-02-10 09:15:35,284 - INFO: Finalizando cálculo de sedimentos
2026-02-10 09:16:21,827 - INFO: Finished
2026-02-10 09:16:24,572 - INFO: Started
2026-02-10 09:16:52,636 - INFO: Cálculo iniciado pelo usuário
2026-02-10 09:16:52,644 - INFO: DataFrames mesclados para construção do grafo
2026-02-10 09:16:52,664 - INFO: None
2026-02-10 09:16:52,668 - INFO: Iniciando cálculo de sedimentos
2026-02-10 09:16:52,671 - INFO: Finalizando cálculo de sedimentos
2026-02-10 09:17:12,952 - INFO: Cálculo iniciado pelo usuário
2026-02-10 09:17:12,957 - INFO: DataFrames mesclados para construção do grafo
2026-02-10 09:17:12,975 - INFO: None
2026-02-10 09:17:23,740 - INFO: Cálculo iniciado pelo usuário
2026-02-10 09:17:23,746 - INFO: DataFrames mesclados para construção do grafo
2026-02-10 09:17:23,765 - INFO: None
2026-02-10 09:17:23,770 - INFO: Iniciando cálculo de sedimentos
2026-02-10 09:17:23,773 - INFO: Finalizando cálculo de sedimentos
2026-02-10 09:17:34,218 - INFO: Finished
2026-02-11 07:59:45,265 - INFO: Started
2026-02-11 08:00:58,296 - INFO: Finished
2026-02-11 08:06:48,512 - INFO: Started
2026-02-11 08:07:18,512 - INFO: Finished
2026-02-11 08:45:21,606 - INFO: Started
2026-02-11 08:45:37,396 - INFO: Finished
2026-02-11 08:45:47,399 - INFO: Started
2026-02-11 08:45:57,022 - INFO: Finished
2026-02-11 08:50:33,807 - INFO: Started
2026-02-11 08:51:00,400 - INFO: Cálculo iniciado pelo usuário
2026-02-11 08:51:00,419 - INFO: DataFrames mesclados para construção do grafo
2026-02-11 08:51:11,101 - INFO: Finished
2026-02-11 09:09:59,621 - INFO: Started
2026-02-11 09:10:54,344 - INFO: Finished
2026-02-11 09:11:33,112 - INFO: Started
2026-02-11 09:11:57,936 - INFO: Cálculo iniciado pelo usuário
2026-02-11 09:11:57,946 - INFO: DataFrames mesclados para construção do grafo
2026-02-11 09:14:26,736 - INFO: Cálculo iniciado pelo usuário
2026-02-11 09:14:26,743 - INFO: DataFrames mesclados para construção do grafo
2026-02-11 09:14:26,767 - INFO: None
2026-02-11 09:14:26,773 - INFO: Iniciando cálculo de sedimentos
2026-02-11 09:14:26,773 - INFO: Finalizando cálculo de sedimentos
2026-02-11 09:18:00,850 - INFO: Cálculo iniciado pelo usuário
2026-02-11 09:18:00,856 - INFO: DataFrames mesclados para construção do grafo
2026-02-11 09:18:00,875 - INFO: None
2026-02-11 09:24:08,299 - INFO: Cálculo iniciado pelo usuário
2026-02-11 09:24:08,304 - INFO: DataFrames mesclados para construção do grafo
2026-02-11 09:24:08,320 - INFO: None
2026-02-11 09:24:08,325 - INFO: Iniciando cálculo de sedimentos
2026-02-11 09:24:08,326 - INFO: Finalizando cálculo de sedimentos
2026-02-11 09:28:59,051 - INFO: Finished
2026-02-12 08:55:37,752 - INFO: Started
2026-02-12 08:55:51,597 - INFO: Finished
2026-02-12 09:00:51,148 - INFO: Started
2026-02-12 09:01:03,655 - INFO: Finished
2026-02-12 09:02:21,106 - INFO: Started
2026-02-12 09:02:42,054 - INFO: Finished
2026-02-12 09:27:55,382 - INFO: Started
2026-02-12 09:28:30,153 - INFO: Cálculo iniciado pelo usuário
2026-02-12 09:28:30,167 - INFO: DataFrames mesclados para construção do grafo
2026-02-12 09:28:30,193 - INFO: None
2026-02-12 09:28:30,198 - INFO: Iniciando cálculo de sedimentos
2026-02-12 09:28:30,198 - INFO: Finalizando cálculo de sedimentos
2026-02-12 09:29:25,921 - INFO: Cálculo iniciado pelo usuário
2026-02-12 09:29:25,926 - INFO: DataFrames mesclados para construção do grafo
2026-02-12 09:29:25,944 - INFO: None
2026-02-12 09:29:25,949 - INFO: Iniciando cálculo de sedimentos
2026-02-12 09:29:25,949 - INFO: Finalizando cálculo de sedimentos
2026-02-12 09:29:31,597 - INFO: Finished
2026-02-12 09:32:49,822 - INFO: Started
2026-02-12 09:33:10,878 - INFO: Cálculo iniciado pelo usuário
2026-02-12 09:33:10,884 - INFO: DataFrames mesclados para construção do grafo
2026-02-12 09:33:10,899 - INFO: None
2026-02-12 09:33:10,902 - INFO: Iniciando cálculo de sedimentos
2026-02-12 09:33:10,902 - INFO: Finalizando cálculo de sedimentos
2026-02-12 09:34:20,051 - INFO: Finished
2026-02-12 09:44:40,131 - INFO: Started
2026-02-12 09:45:05,355 - INFO: Cálculo iniciado pelo usuário
2026-02-12 09:45:05,362 - INFO: DataFrames mesclados para construção do grafo
2026-02-12 09:45:05,381 - INFO: Iniciando cálculo de sedimentos
2026-02-12 09:45:05,381 - INFO: Finalizando cálculo de sedimentos
2026-02-12 09:45:33,545 - INFO: Cálculo iniciado pelo usuário
2026-02-12 09:45:33,549 - INFO: DataFrames mesclados para construção do grafo
2026-02-12 09:45:33,567 - INFO: Iniciando cálculo de sedimentos
2026-02-12 09:45:33,567 - INFO: Finalizando cálculo de sedimentos
2026-02-12 09:45:39,979 - INFO: Finished
2026-03-02 20:27:37,476 - INFO: Started
2026-03-02 20:27:40,314 - INFO: Finished
2026-03-02 20:27:43,865 - INFO: Started
2026-03-02 20:27:51,122 - INFO: Finished
2026-03-02 20:28:17,917 - INFO: Started
2026-03-02 20:28:19,471 - INFO: Finished
2026-03-02 20:40:13,046 - INFO: Started
2026-03-02 20:40:21,072 - INFO: Finished
2026-03-02 20:40:39,954 - INFO: Started
2026-03-02 20:40:44,537 - INFO: Finished
2026-03-02 20:41:00,243 - INFO: Started
2026-03-02 20:41:11,505 - INFO: Finished
2026-03-02 20:42:14,334 - INFO: Started
2026-03-02 20:42:16,982 - INFO: Finished
2026-03-02 20:42:22,868 - INFO: Started
2026-03-02 20:42:31,763 - INFO: Finished
2026-03-02 20:45:21,088 - INFO: Started
2026-03-02 21:06:21,609 - INFO: Finished
2026-03-03 11:22:55,573 - INFO: Started
2026-03-03 12:30:30,476 - INFO: Finished
2026-03-06 14:05:31,399 - INFO: Started
2026-03-10 08:09:31,022 - INFO: Started
2026-03-10 08:10:03,149 - INFO: Finished
2026-03-10 08:12:14,423 - INFO: Started
2026-03-10 08:12:35,029 - INFO: Cálculo iniciado pelo usuário
2026-03-10 08:12:35,102 - INFO: DataFrames mesclados para construção do grafo
2026-03-10 08:13:26,107 - INFO: Cálculo iniciado pelo usuário
2026-03-10 08:13:26,113 - INFO: DataFrames mesclados para construção do grafo
2026-03-10 08:13:35,831 - INFO: Cálculo iniciado pelo usuário
2026-03-10 08:13:35,839 - INFO: DataFrames mesclados para construção do grafo
2026-03-10 08:20:37,730 - INFO: Finished
2026-03-10 08:31:24,249 - INFO: Started
2026-03-10 08:32:26,368 - INFO: Finished
2026-03-10 08:32:35,533 - INFO: Started
2026-03-10 08:32:41,448 - INFO: Finished
2026-03-10 08:33:47,345 - INFO: Started
2026-03-10 08:36:04,872 - INFO: Finished
2026-03-10 08:39:02,652 - INFO: Started
2026-03-10 08:40:18,574 - INFO: Started
2026-03-10 08:40:27,416 - INFO: Finished
2026-03-10 08:55:29,567 - INFO: Started
2026-03-10 09:06:47,635 - INFO: Finished
2026-03-10 09:06:50,974 - INFO: Started
2026-03-10 09:27:56,023 - INFO: Finished
2026-03-10 09:28:00,097 - INFO: Started
2026-03-10 09:28:17,720 - INFO: Cálculo iniciado pelo usuário
2026-03-10 09:28:17,729 - INFO: DataFrames mesclados para construção do grafo
2026-03-10 09:28:20,999 - INFO: Finished
2026-03-10 09:41:56,390 - INFO: Started
2026-03-10 09:42:02,048 - INFO: Finished
2026-03-10 09:42:08,519 - INFO: Started
2026-03-10 09:43:16,676 - INFO: Finished
2026-03-10 09:47:02,917 - INFO: Started
2026-03-10 09:48:06,062 - INFO: Finished
2026-03-10 10:10:38,965 - INFO: Started
2026-03-10 10:10:58,846 - INFO: Finished
2026-03-10 10:11:04,194 - INFO: Started
2026-03-10 10:14:21,457 - INFO: Finished
2026-03-10 10:17:34,520 - INFO: Started
2026-03-10 10:17:43,385 - INFO: Finished
2026-03-10 10:28:02,374 - INFO: Started
2026-03-10 10:28:05,089 - INFO: Finished
2026-03-20 22:23:35,509 - INFO: Started
2026-03-20 22:23:46,001 - INFO: Finished
2026-03-24 10:11:40,391 - INFO: Started
2026-03-24 10:18:39,771 - INFO: Finished
2026-03-24 10:18:55,216 - INFO: Started
2026-03-24 10:19:10,698 - INFO: Finished
2026-03-24 10:19:27,539 - INFO: Started
2026-03-24 10:28:40,230 - INFO: Finished
2026-03-24 10:28:44,529 - INFO: Started
2026-03-24 10:30:52,764 - INFO: Finished
2026-03-24 10:31:24,141 - INFO: Started
2026-03-24 10:31:34,493 - INFO: Finished
2026-03-24 10:31:45,123 - INFO: Started
2026-03-24 10:32:05,983 - INFO: Finished
2026-03-24 10:33:38,797 - INFO: Started
2026-03-24 10:34:13,898 - INFO: Cálculo iniciado pelo usuário
2026-03-24 10:34:14,056 - INFO: DataFrames mesclados para construção do grafo
2026-03-24 10:34:20,241 - INFO: Cálculo iniciado pelo usuário
2026-03-24 10:34:20,249 - INFO: DataFrames mesclados para construção do grafo
2026-03-24 10:34:20,272 - INFO: Iniciando cálculo de sedimentos
2026-03-24 10:35:47,065 - ERROR: Erro inesperado
Traceback (most recent call last):
  File "F:\bolsa\basinflow\mainapp.py", line 396, in on_calcular_click
    sed_local = G.nodes[i]['sed_enter_volume']
               ~~~~~~~~~~^^^^^^^^^^^^^^^^^^^^
KeyError: 'sed_enter_volume'
2026-03-24 10:35:47,731 - INFO: Finished
2026-03-24 10:35:58,948 - INFO: Started
2026-03-24 10:36:24,794 - INFO: Cálculo iniciado pelo usuário
2026-03-24 10:36:40,724 - INFO: Cálculo iniciado pelo usuário
2026-03-24 10:37:40,518 - ERROR: Erro inesperado
Traceback (most recent call last):
  File "F:\bolsa\basinflow\main.py", line 151, in on_calcular_click
    result_discharge = calculate_sediment_routing(
                       ^^^^^^^^^^^^^^^^^^^^^^^^^^^
  File "F:\bolsa\basinflow\data_utils.py", line 221, in calculate_sediment_routing
    sed_local = G.nodes[i]['sed_enter_volume']
                ~~~~~~~~~~^^^^^^^^^^^^^^^^^^^^
KeyError: 'sed_enter_volume'
2026-03-24 10:41:34,874 - INFO: Finished
2026-03-24 10:51:13,565 - INFO: Started
2026-03-24 10:52:34,231 - INFO: Finished
2026-03-24 10:52:38,459 - INFO: Started
2026-03-24 10:53:12,803 - INFO: Cálculo iniciado pelo usuário
2026-03-24 10:53:28,325 - INFO: Cálculo iniciado pelo usuário
2026-03-24 10:55:30,280 - INFO: Cálculo iniciado pelo usuário
2026-03-24 10:55:47,324 - ERROR: Erro inesperado
Traceback (most recent call last):
  File "F:\bolsa\basinflow\main.py", line 151, in on_calcular_click
    result_discharge = calculate_sediment_routing(
                       ^^^^^^^^^^^^^^^^^^^^^^^^^^^
  File "F:\bolsa\basinflow\data_utils.py", line 221, in calculate_sediment_routing
    sed_local = G.nodes[i]['sed_enter_volume']
                ~~~~~~~~~~^^^^^^^^^^^^^^^^^^^^
KeyError: 'sed_enter_volume'
2026-03-24 10:56:27,750 - INFO: Cálculo iniciado pelo usuário
2026-03-24 10:56:30,772 - ERROR: Erro inesperado
Traceback (most recent call last):
  File "F:\bolsa\basinflow\main.py", line 151, in on_calcular_click
    result_discharge = calculate_sediment_routing(
                       ^^^^^^^^^^^^^^^^^^^^^^^^^^^
  File "F:\bolsa\basinflow\data_utils.py", line 221, in calculate_sediment_routing
    sed_local = G.nodes[i]['sed_enter_volume']
                ~~~~~~~~~~^^^^^^^^^^^^^^^^^^^^
KeyError: 'sed_enter_volume'
2026-03-24 10:56:37,872 - INFO: Finished
2026-03-24 10:57:10,226 - INFO: Started
2026-03-24 10:59:46,757 - INFO: Finished
2026-03-24 10:59:48,136 - INFO: Started
2026-03-24 10:59:59,779 - INFO: Finished
2026-03-24 11:00:01,079 - INFO: Started
2026-03-24 11:00:02,573 - INFO: Finished
2026-03-24 11:00:25,219 - INFO: Started
2026-03-24 11:00:37,783 - INFO: Finished
2026-03-24 11:02:55,192 - INFO: Started
2026-03-24 11:03:08,020 - INFO: Finished
2026-03-24 11:03:35,340 - INFO: Started
2026-03-24 11:04:00,605 - INFO: Finished
2026-03-24 11:05:09,729 - INFO: Started
2026-03-24 11:05:57,698 - INFO: Cálculo iniciado pelo usuário
2026-03-24 11:05:57,706 - INFO: DataFrames mesclados para construção do grafo
2026-03-24 11:05:58,108 - INFO: Iniciando cálculo de sedimentos
2026-03-24 11:05:59,859 - ERROR: Erro inesperado
Traceback (most recent call last):
  File "F:\bolsa\basinflow\mainapp.py", line 396, in on_calcular_click
    sed_local = G.nodes[i]['sed_enter_volume']
               ~~~~~~~~~~^^^^^^^^^^^^^^^^^^^^
KeyError: 'sed_enter_volume'
2026-03-24 11:06:04,672 - INFO: Cálculo iniciado pelo usuário
2026-03-24 11:06:04,678 - INFO: DataFrames mesclados para construção do grafo
2026-03-24 11:06:04,703 - INFO: Iniciando cálculo de sedimentos
2026-03-24 11:06:12,562 - ERROR: Erro inesperado
Traceback (most recent call last):
  File "F:\bolsa\basinflow\mainapp.py", line 396, in on_calcular_click
    sed_local = G.nodes[i]['sed_enter_volume']
               ~~~~~~~~~~^^^^^^^^^^^^^^^^^^^^
KeyError: 'sed_enter_volume'
2026-03-24 11:06:13,643 - INFO: Finished
2026-03-24 11:07:01,210 - INFO: Started
2026-03-24 11:07:46,544 - INFO: Cálculo iniciado pelo usuário
2026-03-24 11:07:49,496 - INFO: Cálculo iniciado pelo usuário
2026-03-24 11:12:40,585 - ERROR: Erro inesperado
Traceback (most recent call last):
  File "F:\bolsa\basinflow\main.py", line 151, in on_calcular_click
    result_discharge = calculate_sediment_routing(
                       ^^^^^^^^^^^^^^^^^^^^^^^^^^^
  File "F:\bolsa\basinflow\data_utils.py", line 224, in calculate_sediment_routing
    sed_local = G.nodes[i]['sed_enter_volume']
                ~~~~~~~~~~^^^^^^^^^^^^^^^^^^^^
KeyError: 'sed_enter_volume'
2026-03-24 11:12:41,358 - INFO: Finished
2026-03-24 11:12:44,394 - INFO: Started
2026-03-24 11:13:05,900 - INFO: Cálculo iniciado pelo usuário
2026-03-24 11:13:09,664 - INFO: Cálculo iniciado pelo usuário
2026-03-24 11:13:12,152 - ERROR: Erro inesperado
Traceback (most recent call last):
  File "F:\bolsa\basinflow\main.py", line 151, in on_calcular_click
    result_discharge = calculate_sediment_routing(
                       ^^^^^^^^^^^^^^^^^^^^^^^^^^^
  File "F:\bolsa\basinflow\data_utils.py", line 224, in calculate_sediment_routing
    sed_local = G.nodes[i]['sed_enter_volume']
                ~~~~~~~~~~^^^^^^^^^^^^^^^^^^^^
KeyError: 'sed_enter_volume'
2026-03-24 11:13:12,676 - INFO: Cálculo iniciado pelo usuário
2026-03-24 11:15:44,539 - ERROR: Erro inesperado
Traceback (most recent call last):
  File "F:\bolsa\basinflow\main.py", line 151, in on_calcular_click
    result_discharge = calculate_sediment_routing(
                       ^^^^^^^^^^^^^^^^^^^^^^^^^^^
  File "F:\bolsa\basinflow\data_utils.py", line 224, in calculate_sediment_routing
    sed_local = G.nodes[i]['sed_enter_volume']
                ~~~~~~~~~~^^^^^^^^^^^^^^^^^^^^
KeyError: 'sed_enter_volume'
2026-03-24 11:21:04,310 - INFO: Cálculo iniciado pelo usuário
2026-03-24 11:21:11,727 - ERROR: Erro inesperado
Traceback (most recent call last):
  File "F:\bolsa\basinflow\main.py", line 151, in on_calcular_click
    result_discharge = calculate_sediment_routing(
                       ^^^^^^^^^^^^^^^^^^^^^^^^^^^
  File "F:\bolsa\basinflow\data_utils.py", line 224, in calculate_sediment_routing
    sed_local = G.nodes[i]['sed_enter_volume']
                ~~~~~~~~~~^^^^^^^^^^^^^^^^^^^^
KeyError: 'sed_enter_volume'
2026-03-24 11:21:32,927 - INFO: Cálculo iniciado pelo usuário
2026-03-24 11:21:43,161 - INFO: Cálculo iniciado pelo usuário
2026-03-24 11:23:35,598 - ERROR: Erro inesperado
Traceback (most recent call last):
  File "F:\bolsa\basinflow\main.py", line 151, in on_calcular_click
    result_discharge = calculate_sediment_routing(
                       ^^^^^^^^^^^^^^^^^^^^^^^^^^^
  File "F:\bolsa\basinflow\data_utils.py", line 224, in calculate_sediment_routing
    sed_local = G.nodes[i]['sed_enter_volume']
                ~~~~~~~~~~^^^^^^^^^^^^^^^^^^^^
KeyError: 'sed_enter_volume'
2026-03-24 11:38:16,122 - INFO: Finished
2026-03-24 11:38:30,831 - INFO: Started
2026-03-30 13:15:19,103 - INFO: Started
2026-03-30 13:16:22,615 - INFO: Cálculo iniciado pelo usuário
2026-03-30 13:16:44,269 - ERROR: Erro inesperado
Traceback (most recent call last):
  File "F:\bolsa\basinflow\main.py", line 130, in on_calcular_click
    result_discharge, G, ruptura_dict, sequencia, df_merged = calculate_water_routing(
                                                              ^^^^^^^^^^^^^^^^^^^^^^^^
  File "F:\bolsa\basinflow\data_utils.py", line 128, in calculate_water_routing
    sequencia = list(nx.topological_sort(G))
                ^^^^^^^^^^^^^^^^^^^^^^^^^^^^
  File "F:\bolsa\basinflow\.venv\Lib\site-packages\networkx\algorithms\dag.py", line 308, in topological_sort
    for generation in nx.topological_generations(G):
                      ^^^^^^^^^^^^^^^^^^^^^^^^^^^^^
  File "F:\bolsa\basinflow\.venv\Lib\site-packages\networkx\algorithms\dag.py", line 238, in topological_generations
    raise nx.NetworkXUnfeasible(
networkx.exception.NetworkXUnfeasible: Graph contains a cycle or graph changed during iteration
2026-03-30 13:17:06,538 - INFO: Cálculo iniciado pelo usuário
2026-03-30 13:18:35,824 - INFO: Cálculo iniciado pelo usuário
2026-03-30 13:18:39,241 - INFO: Cálculo iniciado pelo usuário
2026-03-30 13:20:31,718 - ERROR: Erro inesperado
Traceback (most recent call last):
  File "F:\bolsa\basinflow\main.py", line 151, in on_calcular_click
    result_discharge = calculate_sediment_routing(
                       ^^^^^^^^^^^^^^^^^^^^^^^^^^^
  File "F:\bolsa\basinflow\data_utils.py", line 224, in calculate_sediment_routing
    sed_local = G.nodes[i]['sed_enter_volume']
                ~~~~~~~~~~^^^^^^^^^^^^^^^^^^^^
KeyError: 'sed_enter_volume'
2026-03-30 13:24:32,822 - INFO: Finished
2026-03-30 13:27:57,801 - INFO: Started
2026-03-30 13:28:12,587 - INFO: Cálculo iniciado pelo usuário
2026-03-30 13:29:36,820 - INFO: Cálculo iniciado pelo usuário
2026-03-30 13:31:01,973 - INFO: Finished
2026-03-30 13:31:04,737 - INFO: Started
2026-03-30 13:31:50,941 - INFO: Cálculo iniciado pelo usuário
2026-03-30 13:34:27,165 - INFO: Finished
2026-03-31 09:00:24,587 - INFO: Started
2026-03-31 09:01:26,609 - INFO: Cálculo iniciado pelo usuário
2026-03-31 09:03:23,572 - INFO: Finished
2026-03-31 09:09:54,837 - INFO: Started
2026-03-31 09:15:55,292 - INFO: Finished
2026-03-31 09:15:58,649 - INFO: Started
2026-03-31 09:17:09,995 - INFO: Finished
2026-03-31 09:17:15,018 - INFO: Started
2026-03-31 09:18:20,082 - INFO: Cálculo iniciado pelo usuário
2026-03-31 10:17:52,490 - INFO: Cálculo iniciado pelo usuário
2026-03-31 10:19:12,571 - INFO: Finished
2026-03-31 10:19:50,742 - INFO: Started
2026-03-31 10:25:17,329 - INFO: Cálculo iniciado pelo usuário
2026-03-31 10:25:30,410 - ERROR: Erro inesperado
Traceback (most recent call last):
  File "C:\Users\yuri\CaDBr\main.py", line 256, in on_calcular_click
    result_discharge, G, ruptura_dict, sequencia, df_merged = calculate_water_routing(
                                                              ^^^^^^^^^^^^^^^^^^^^^^^^
  File "C:\Users\yuri\CaDBr\data_utils.py", line 164, in calculate_water_routing
    volume_in[i] = G.nodes[i]['runoff_volume']
                   ~~~~~~~~~~^^^^^^^^^^^^^^^^^
KeyError: 'runoff_volume'
2026-03-31 10:25:47,839 - INFO: Cálculo iniciado pelo usuário
2026-03-31 10:25:52,197 - ERROR: Erro inesperado
Traceback (most recent call last):
  File "C:\Users\yuri\CaDBr\main.py", line 256, in on_calcular_click
    result_discharge, G, ruptura_dict, sequencia, df_merged = calculate_water_routing(
                                                              ^^^^^^^^^^^^^^^^^^^^^^^^
  File "C:\Users\yuri\CaDBr\data_utils.py", line 134, in calculate_water_routing
    df_merged = df_reservoir.merge(df_runoff, on='subasin_id', how='left')
                ^^^^^^^^^^^^^^^^^^^^^^^^^^^^^^^^^^^^^^^^^^^^^^^^^^^^^^^^^^
  File "C:\Users\yuri\CaDBr\.venv\Lib\site-packages\pandas\core\frame.py", line 12884, in merge
    return merge(
           ^^^^^^
  File "C:\Users\yuri\CaDBr\.venv\Lib\site-packages\pandas\core\reshape\merge.py", line 385, in merge
    op = _MergeOperation(
         ^^^^^^^^^^^^^^^^
  File "C:\Users\yuri\CaDBr\.venv\Lib\site-packages\pandas\core\reshape\merge.py", line 1031, in __init__
    self._maybe_coerce_merge_keys()
  File "C:\Users\yuri\CaDBr\.venv\Lib\site-packages\pandas\core\reshape\merge.py", line 1835, in _maybe_coerce_merge_keys
    raise ValueError(msg)
ValueError: You are trying to merge on str and int64 columns for key 'subasin_id'. If you wish to proceed you should use pd.concat
2026-03-31 10:26:03,641 - INFO: Cálculo iniciado pelo usuário
2026-03-31 10:26:33,886 - INFO: Cálculo iniciado pelo usuário
2026-03-31 10:27:05,448 - ERROR: Erro inesperado
Traceback (most recent call last):
  File "C:\Users\yuri\CaDBr\main.py", line 256, in on_calcular_click
    result_discharge, G, ruptura_dict, sequencia, df_merged = calculate_water_routing(
                                                              ^^^^^^^^^^^^^^^^^^^^^^^^
  File "C:\Users\yuri\CaDBr\data_utils.py", line 134, in calculate_water_routing
    df_merged = df_reservoir.merge(df_runoff, on='subasin_id', how='left')
                ^^^^^^^^^^^^^^^^^^^^^^^^^^^^^^^^^^^^^^^^^^^^^^^^^^^^^^^^^^
  File "C:\Users\yuri\CaDBr\.venv\Lib\site-packages\pandas\core\frame.py", line 12884, in merge
    return merge(
           ^^^^^^
  File "C:\Users\yuri\CaDBr\.venv\Lib\site-packages\pandas\core\reshape\merge.py", line 385, in merge
    op = _MergeOperation(
         ^^^^^^^^^^^^^^^^
  File "C:\Users\yuri\CaDBr\.venv\Lib\site-packages\pandas\core\reshape\merge.py", line 1031, in __init__
    self._maybe_coerce_merge_keys()
  File "C:\Users\yuri\CaDBr\.venv\Lib\site-packages\pandas\core\reshape\merge.py", line 1835, in _maybe_coerce_merge_keys
    raise ValueError(msg)
ValueError: You are trying to merge on int64 and str columns for key 'subasin_id'. If you wish to proceed you should use pd.concat
2026-03-31 10:27:16,908 - INFO: Cálculo iniciado pelo usuário
2026-03-31 10:32:02,709 - ERROR: Erro inesperado
Traceback (most recent call last):
  File "C:\Users\yuri\CaDBr\main.py", line 256, in on_calcular_click
    result_discharge, G, ruptura_dict, sequencia, df_merged = calculate_water_routing(
                                                              ^^^^^^^^^^^^^^^^^^^^^^^^
  File "C:\Users\yuri\CaDBr\data_utils.py", line 134, in calculate_water_routing
    df_merged = df_reservoir.merge(df_runoff, on='subasin_id', how='left')
                ^^^^^^^^^^^^^^^^^^^^^^^^^^^^^^^^^^^^^^^^^^^^^^^^^^^^^^^^^^
  File "C:\Users\yuri\CaDBr\.venv\Lib\site-packages\pandas\core\frame.py", line 12884, in merge
    return merge(
           ^^^^^^
  File "C:\Users\yuri\CaDBr\.venv\Lib\site-packages\pandas\core\reshape\merge.py", line 385, in merge
    op = _MergeOperation(
         ^^^^^^^^^^^^^^^^
  File "C:\Users\yuri\CaDBr\.venv\Lib\site-packages\pandas\core\reshape\merge.py", line 1031, in __init__
    self._maybe_coerce_merge_keys()
  File "C:\Users\yuri\CaDBr\.venv\Lib\site-packages\pandas\core\reshape\merge.py", line 1835, in _maybe_coerce_merge_keys
    raise ValueError(msg)
ValueError: You are trying to merge on int64 and str columns for key 'subasin_id'. If you wish to proceed you should use pd.concat
2026-03-31 10:34:20,107 - INFO: Finished
2026-03-31 10:34:47,182 - INFO: Started
2026-03-31 10:35:44,573 - INFO: Cálculo iniciado pelo usuário
2026-03-31 10:36:51,398 - ERROR: Erro inesperado
Traceback (most recent call last):
  File "C:\Users\yuri\CaDBr\main.py", line 256, in on_calcular_click
    result_discharge, G, ruptura_dict, sequencia, df_merged = calculate_water_routing(
                                                              ^^^^^^^^^^^^^^^^^^^^^^^^
  File "C:\Users\yuri\CaDBr\data_utils.py", line 134, in calculate_water_routing
    df_merged = df_reservoir.merge(df_runoff, on='subasin_id', how='left')
                ^^^^^^^^^^^^^^^^^^^^^^^^^^^^^^^^^^^^^^^^^^^^^^^^^^^^^^^^^^
  File "C:\Users\yuri\CaDBr\.venv\Lib\site-packages\pandas\core\frame.py", line 12884, in merge
    return merge(
           ^^^^^^
  File "C:\Users\yuri\CaDBr\.venv\Lib\site-packages\pandas\core\reshape\merge.py", line 385, in merge
    op = _MergeOperation(
         ^^^^^^^^^^^^^^^^
  File "C:\Users\yuri\CaDBr\.venv\Lib\site-packages\pandas\core\reshape\merge.py", line 1031, in __init__
    self._maybe_coerce_merge_keys()
  File "C:\Users\yuri\CaDBr\.venv\Lib\site-packages\pandas\core\reshape\merge.py", line 1835, in _maybe_coerce_merge_keys
    raise ValueError(msg)
ValueError: You are trying to merge on int64 and str columns for key 'subasin_id'. If you wish to proceed you should use pd.concat
2026-03-31 10:37:19,938 - INFO: Cálculo iniciado pelo usuário
2026-03-31 10:49:00,600 - INFO: Cálculo iniciado pelo usuário
2026-03-31 10:49:14,840 - INFO: Cálculo iniciado pelo usuário
2026-03-31 10:49:18,144 - ERROR: Erro inesperado
Traceback (most recent call last):
  File "C:\Users\yuri\CaDBr\main.py", line 256, in on_calcular_click
    result_discharge, G, ruptura_dict, sequencia, df_merged = calculate_water_routing(
                                                              ^^^^^^^^^^^^^^^^^^^^^^^^
  File "C:\Users\yuri\CaDBr\data_utils.py", line 134, in calculate_water_routing
    df_merged = df_reservoir.merge(df_runoff, on='subasin_id', how='left')
                ^^^^^^^^^^^^^^^^^^^^^^^^^^^^^^^^^^^^^^^^^^^^^^^^^^^^^^^^^^
  File "C:\Users\yuri\CaDBr\.venv\Lib\site-packages\pandas\core\frame.py", line 12884, in merge
    return merge(
           ^^^^^^
  File "C:\Users\yuri\CaDBr\.venv\Lib\site-packages\pandas\core\reshape\merge.py", line 385, in merge
    op = _MergeOperation(
         ^^^^^^^^^^^^^^^^
  File "C:\Users\yuri\CaDBr\.venv\Lib\site-packages\pandas\core\reshape\merge.py", line 1031, in __init__
    self._maybe_coerce_merge_keys()
  File "C:\Users\yuri\CaDBr\.venv\Lib\site-packages\pandas\core\reshape\merge.py", line 1835, in _maybe_coerce_merge_keys
    raise ValueError(msg)
ValueError: You are trying to merge on int64 and str columns for key 'subasin_id'. If you wish to proceed you should use pd.concat
2026-03-31 10:49:43,660 - INFO: Cálculo iniciado pelo usuário
2026-03-31 10:53:43,264 - ERROR: Erro inesperado
Traceback (most recent call last):
  File "C:\Users\yuri\CaDBr\main.py", line 256, in on_calcular_click
    result_discharge, G, ruptura_dict, sequencia, df_merged = calculate_water_routing(
                                                              ^^^^^^^^^^^^^^^^^^^^^^^^
  File "C:\Users\yuri\CaDBr\data_utils.py", line 134, in calculate_water_routing
    df_routing['downstream'] = df_routing['downstream'].replace(-999, np.nan)
                ^^^^^^^^^^^^^^^^^^^^^^^^^^^^^^^^^^^^^^^^^^^^^^^^^^^^^^^^^^
  File "C:\Users\yuri\CaDBr\.venv\Lib\site-packages\pandas\core\frame.py", line 12884, in merge
    return merge(
           ^^^^^^
  File "C:\Users\yuri\CaDBr\.venv\Lib\site-packages\pandas\core\reshape\merge.py", line 385, in merge
    op = _MergeOperation(
         ^^^^^^^^^^^^^^^^
  File "C:\Users\yuri\CaDBr\.venv\Lib\site-packages\pandas\core\reshape\merge.py", line 1031, in __init__
    self._maybe_coerce_merge_keys()
  File "C:\Users\yuri\CaDBr\.venv\Lib\site-packages\pandas\core\reshape\merge.py", line 1835, in _maybe_coerce_merge_keys
    raise ValueError(msg)
ValueError: You are trying to merge on str and int64 columns for key 'subasin_id'. If you wish to proceed you should use pd.concat
2026-03-31 10:53:44,245 - INFO: Finished
2026-03-31 10:53:47,176 - INFO: Started
2026-03-31 10:54:10,263 - INFO: Cálculo iniciado pelo usuário
2026-03-31 10:54:26,205 - INFO: Cálculo iniciado pelo usuário
2026-03-31 10:54:41,172 - INFO: Cálculo iniciado pelo usuário
2026-03-31 10:55:17,852 - INFO: Cálculo iniciado pelo usuário
2026-03-31 11:00:57,795 - INFO: Finished
